<?xml version="1.0" encoding="UTF-8"?>
<testsuite xmlns:xsi="http://www.w3.org/2001/XMLSchema-instance" xsi:noNamespaceSchemaLocation="https://maven.apache.org/surefire/maven-surefire-plugin/xsd/surefire-test-report.xsd" version="3.0.2" name="ual.hmis.AppTest" time="0.069" tests="3" errors="0" skipped="0" failures="0">
  <properties>
[...]
</properties>
  <testcase name="testMain" classname="ual.hmis.AppTest" time="0.025">
    <system-out><![CDATA[Hello World!
]]></system-out>
  </testcase>
  <testcase name="testTextoConEnie" classname="ual.hmis.AppTest" time="0.008"/>
  <testcase name="testConstructorApp" classname="ual.hmis.AppTest" time="0.002"/>
</testsuite>