-------------------------------------------------------------------------------
Test set: ual.hmis.JsonReaderTest
-------------------------------------------------------------------------------
Tests run: 4, Failures: 0, Errors: 0, Skipped: 0, Time elapsed: 0.113 s -- in ual.hmis.JsonReaderTest
ual.hmis.JsonReaderTest.testConstructorJsonReader -- Time elapsed: 0.003 s
ual.hmis.JsonReaderTest.testLeerCochesJSONprimero -- Time elapsed: 0.098 s
ual.hmis.JsonReaderTest.testLeerCochesJSON -- Time elapsed: 0.002 s
ual.hmis.JsonReaderTest.testLeerCochesJSONarchivoInexistente -- Time elapsed: 0.005 s
